<?xml version="1.0" encoding="UTF-8"?>
<!-- Generated by org.testng.reporters.JUnitXMLReporter -->
<testsuite ignored="0" hostname="Reka" failures="0" tests="4" name="Test" time="43.35" errors="0" timestamp="2024-07-29T21:25:43 CDT">
  <testcase classname="docker.ChromeTest2" name="test1" time="5.91"/>
  <testcase classname="docker.ChromeTest3" name="test1" time="7.523"/>
  <testcase classname="docker.ChromeTest1" name="test1" time="9.723"/>
  <testcase classname="docker.FirefoxTest" name="test" time="13.198"/>
</testsuite> <!-- Test -->
