<?xml version="1.0" encoding="UTF-8"?>
<testng-results ignored="0" total="4" passed="4" failed="0" skipped="0">
  <reporter-output>
  </reporter-output>
  <suite started-at="2024-07-29T21:25:00 CDT" name="Suite" finished-at="2024-07-29T21:25:43 CDT" duration-ms="43350">
    <groups>
    </groups>
    <test started-at="2024-07-29T21:25:00 CDT" name="Test" finished-at="2024-07-29T21:25:43 CDT" duration-ms="43350">
      <class name="docker.SetupDockerGrid">
        <test-method is-config="true" signature="startDockerGrid()[pri:0, instance:docker.SetupDockerGrid@52f9e8bb]" started-at="2024-07-29T21:25:00 CDT" name="startDockerGrid" finished-at="2024-07-29T21:25:15 CDT" duration-ms="15043" status="PASS">
          <reporter-output>
          </reporter-output>
        </test-method> <!-- startDockerGrid -->
        <test-method is-config="true" signature="stopDockerGrid()[pri:0, instance:docker.SetupDockerGrid@52f9e8bb]" started-at="2024-07-29T21:25:28 CDT" name="stopDockerGrid" finished-at="2024-07-29T21:25:43 CDT" duration-ms="15029" status="PASS">
          <reporter-output>
          </reporter-output>
        </test-method> <!-- stopDockerGrid -->
      </class> <!-- docker.SetupDockerGrid -->
      <class name="docker.ChromeTest1">
        <test-method signature="test1()[pri:0, instance:docker.ChromeTest1@e01a26b]" started-at="2024-07-29T21:25:15 CDT" name="test1" finished-at="2024-07-29T21:25:25 CDT" duration-ms="9723" status="PASS">
          <reporter-output>
          </reporter-output>
        </test-method> <!-- test1 -->
      </class> <!-- docker.ChromeTest1 -->
      <class name="docker.ChromeTest3">
        <test-method signature="test1()[pri:0, instance:docker.ChromeTest3@5cce40d7]" started-at="2024-07-29T21:25:15 CDT" name="test1" finished-at="2024-07-29T21:25:22 CDT" duration-ms="7523" status="PASS">
          <reporter-output>
          </reporter-output>
        </test-method> <!-- test1 -->
      </class> <!-- docker.ChromeTest3 -->
      <class name="docker.FirefoxTest">
        <test-method signature="test()[pri:0, instance:docker.FirefoxTest@7604198a]" started-at="2024-07-29T21:25:15 CDT" name="test" finished-at="2024-07-29T21:25:28 CDT" duration-ms="13198" status="PASS">
          <reporter-output>
          </reporter-output>
        </test-method> <!-- test -->
      </class> <!-- docker.FirefoxTest -->
      <class name="docker.ChromeTest2">
        <test-method signature="test1()[pri:0, instance:docker.ChromeTest2@314b7945]" started-at="2024-07-29T21:25:15 CDT" name="test1" finished-at="2024-07-29T21:25:21 CDT" duration-ms="5910" status="PASS">
          <reporter-output>
          </reporter-output>
        </test-method> <!-- test1 -->
      </class> <!-- docker.ChromeTest2 -->
    </test> <!-- Test -->
  </suite> <!-- Suite -->
</testng-results>
