<?xml version="1.0" encoding="UTF-8"?>
<testng-results ignored="0" total="3" passed="3" failed="0" skipped="0">
  <reporter-output>
  </reporter-output>
  <suite started-at="2024-07-12T18:51:24 CDT" name="Suite" finished-at="2024-07-12T18:52:06 CDT" duration-ms="42012">
    <groups>
    </groups>
    <test started-at="2024-07-12T18:51:24 CDT" name="Test" finished-at="2024-07-12T18:52:06 CDT" duration-ms="42012">
      <class name="docker.SetupDockerGrid">
        <test-method is-config="true" signature="startDockerGrid()[pri:0, instance:docker.SetupDockerGrid@6cb107fd]" started-at="2024-07-12T18:51:24 CDT" name="startDockerGrid" finished-at="2024-07-12T18:51:39 CDT" duration-ms="15036" status="PASS">
          <reporter-output>
          </reporter-output>
        </test-method> <!-- startDockerGrid -->
        <test-method is-config="true" signature="stopDockerGrid()[pri:0, instance:docker.SetupDockerGrid@6cb107fd]" started-at="2024-07-12T18:51:51 CDT" name="stopDockerGrid" finished-at="2024-07-12T18:52:06 CDT" duration-ms="15033" status="PASS">
          <reporter-output>
          </reporter-output>
        </test-method> <!-- stopDockerGrid -->
      </class> <!-- docker.SetupDockerGrid -->
      <class name="docker.ChromeTest1">
        <test-method signature="test1()[pri:0, instance:docker.ChromeTest1@480d3575]" started-at="2024-07-12T18:51:39 CDT" name="test1" finished-at="2024-07-12T18:51:48 CDT" duration-ms="9023" status="PASS">
          <reporter-output>
          </reporter-output>
        </test-method> <!-- test1 -->
      </class> <!-- docker.ChromeTest1 -->
      <class name="docker.ChromeTest3">
        <test-method signature="test1()[pri:0, instance:docker.ChromeTest3@f1da57d]" started-at="2024-07-12T18:51:39 CDT" name="test1" finished-at="2024-07-12T18:51:51 CDT" duration-ms="11885" status="PASS">
          <reporter-output>
          </reporter-output>
        </test-method> <!-- test1 -->
      </class> <!-- docker.ChromeTest3 -->
      <class name="docker.ChromeTest2">
        <test-method signature="test1()[pri:0, instance:docker.ChromeTest2@194fad1]" started-at="2024-07-12T18:51:39 CDT" name="test1" finished-at="2024-07-12T18:51:43 CDT" duration-ms="3919" status="PASS">
          <reporter-output>
          </reporter-output>
        </test-method> <!-- test1 -->
      </class> <!-- docker.ChromeTest2 -->
    </test> <!-- Test -->
  </suite> <!-- Suite -->
</testng-results>
